<?xml version="1.0" encoding="UTF-8"?>
<testsuite name="model.AirplaneTest" tests="1" skipped="0" failures="0" errors="0" timestamp="2020-12-02T07:22:23" hostname="OLEH" time="0.018">
  <properties/>
  <testcase name="testAirplane()" classname="model.AirplaneTest" time="0.018"/>
  <system-out><![CDATA[]]></system-out>
  <system-err><![CDATA[]]></system-err>
</testsuite>
